\BOOKMARK [0][-]{chapter*.1}{ABSTRACT}{}% 1
\BOOKMARK [0][-]{chapter*.2}{DEDICATION}{}% 2
\BOOKMARK [0][-]{chapter*.3}{ACKNOWLEDGMENTS}{}% 3
\BOOKMARK [0][-]{chapter*.4}{CONTRIBUTORS\040AND\040FUNDING\040SOURCES}{}% 4
\BOOKMARK [0][-]{section*.5}{TABLE\040OF\040CONTENTS}{}% 5
\BOOKMARK [0][-]{section*.6}{LIST\040OF\040FIGURES}{}% 6
\BOOKMARK [0][-]{section*.7}{LIST\040OF\040TABLES}{}% 7
\BOOKMARK [0][-]{chapter.1}{Introduction}{}% 8
\BOOKMARK [0][-]{chapter.2}{Optical\040nanoantennas*}{}% 9
\BOOKMARK [1][-]{section.2.1}{Introduction}{chapter.2}% 10
\BOOKMARK [1][-]{section.2.2}{Electromagnetic\040Theory\040of\040Surface\040Plasmon\040Polaritons}{chapter.2}% 11
\BOOKMARK [2][-]{subsection.2.2.1}{Single\040Boundary\040Structure}{section.2.2}% 12
\BOOKMARK [1][-]{section.2.3}{Quantum\040effects}{chapter.2}% 13
\BOOKMARK [1][-]{section.2.4}{Two\040Boundary\040Structures}{chapter.2}% 14
\BOOKMARK [1][-]{section.2.5}{Design\040of\040Optical\040Antennas}{chapter.2}% 15
\BOOKMARK [2][-]{subsection.2.5.1}{Dipole\040and\040Patch\040Antennas}{section.2.5}% 16
\BOOKMARK [2][-]{subsection.2.5.2}{Bowtie\040Antenna}{section.2.5}% 17
\BOOKMARK [2][-]{subsection.2.5.3}{Yagi-Uda\040Antenna}{section.2.5}% 18
\BOOKMARK [2][-]{subsection.2.5.4}{Log-Periodic\040Antenna}{section.2.5}% 19
\BOOKMARK [2][-]{subsection.2.5.5}{Purcell\040factor}{section.2.5}% 20
\BOOKMARK [2][-]{subsection.2.5.6}{Aperture\040Antennas}{section.2.5}% 21
\BOOKMARK [2][-]{subsection.2.5.7}{Optical\040aperture\040antenna\040theory}{section.2.5}% 22
\BOOKMARK [2][-]{subsection.2.5.8}{Bowtie\040aperture\040antenna}{section.2.5}% 23
\BOOKMARK [2][-]{subsection.2.5.9}{Concentric\040Rings}{section.2.5}% 24
\BOOKMARK [2][-]{subsection.2.5.10}{Arrays}{section.2.5}% 25
\BOOKMARK [1][-]{section.2.6}{Applications\040of\040Optical\040Antenna}{chapter.2}% 26
\BOOKMARK [2][-]{subsection.2.6.1}{SNOM}{section.2.6}% 27
\BOOKMARK [2][-]{subsection.2.6.2}{Photon\040emitters\040and\040optical\040fluorescence}{section.2.6}% 28
\BOOKMARK [2][-]{subsection.2.6.3}{Raman\040Spectroscopy}{section.2.6}% 29
\BOOKMARK [2][-]{subsection.2.6.4}{Communication\040with\040nanocircuitry}{section.2.6}% 30
\BOOKMARK [0][-]{chapter.3}{Computation\040of\040fields\040in\040multi-layered\040structures}{}% 31
\BOOKMARK [1][-]{section.3.1}{Theory}{chapter.3}% 32
\BOOKMARK [2][-]{subsection.3.1.1}{Transmission\040line\040representation\040of\040Maxwell's\040equations}{section.3.1}% 33
\BOOKMARK [2][-]{subsection.3.1.2}{Green\040functions\040for\040the\040TL\040equations}{section.3.1}% 34
\BOOKMARK [2][-]{subsection.3.1.3}{Spectral\040Domain\040Dyadic\040Green\040Functions}{section.3.1}% 35
\BOOKMARK [2][-]{subsection.3.1.4}{Spatial\040Domain\040Dyadic\040Green\040Functions}{section.3.1}% 36
\BOOKMARK [2][-]{subsection.3.1.5}{Introducing\040Potential\040functions}{section.3.1}% 37
\BOOKMARK [2][-]{subsection.3.1.6}{Spatial\040domain\040DGFs}{section.3.1}% 38
\BOOKMARK [1][-]{section.3.2}{Computation\040of\040Transmission\040line\040Green\040functions}{chapter.3}% 39
\BOOKMARK [2][-]{subsection.3.2.1}{Lossy\040Half-space}{section.3.2}% 40
\BOOKMARK [2][-]{subsection.3.2.2}{Thin\040Sheet}{section.3.2}% 41
\BOOKMARK [3][-]{subsubsection.3.2.2.1}{Location\040of\040poles}{subsection.3.2.2}% 42
\BOOKMARK [0][-]{chapter.4}{Surface\040waves\040extraction\040of\040a\040conductive\040sheet\040embedded\040in\040a\040multilayer\040environment}{}% 43
\BOOKMARK [1][-]{section.4.1}{Theory}{chapter.4}% 44
\BOOKMARK [2][-]{subsection.4.1.1}{Equivalent\040TL\040network\040of\040semiconductor\040heterostructures}{section.4.1}% 45
\BOOKMARK [1][-]{section.4.2}{Surface\040waves\040extraction\040technique}{chapter.4}% 46
\BOOKMARK [2][-]{subsection.4.2.1}{Counting\040the\040zeros}{section.4.2}% 47
\BOOKMARK [2][-]{subsection.4.2.2}{Locating\040the\040zeros}{section.4.2}% 48
\BOOKMARK [2][-]{subsection.4.2.3}{Refining\040the\040roots}{section.4.2}% 49
\BOOKMARK [2][-]{subsection.4.2.4}{Avoiding\040singularities}{section.4.2}% 50
\BOOKMARK [1][-]{section.4.3}{Results}{chapter.4}% 51
\BOOKMARK [2][-]{subsection.4.3.1}{MIM\040waveguide}{section.4.3}% 52
\BOOKMARK [2][-]{subsection.4.3.2}{Embedded\040conductive\040sheets}{section.4.3}% 53
\BOOKMARK [1][-]{section.4.4}{Conclusion}{chapter.4}% 54
\BOOKMARK [0][-]{chapter.5}{Nanoscopy\040using\040a\040semiconductor\040heterostructure\040as\040the\040sample\040stage}{}% 55
\BOOKMARK [1][-]{section.5.1}{Abstract}{chapter.5}% 56
\BOOKMARK [1][-]{section.5.2}{Introduction}{chapter.5}% 57
\BOOKMARK [1][-]{section.5.3}{Theory}{chapter.5}% 58
\BOOKMARK [2][-]{subsection.5.3.1}{Dispersion\040relation}{section.5.3}% 59
\BOOKMARK [2][-]{subsection.5.3.2}{Image\040Reconstruction}{section.5.3}% 60
\BOOKMARK [1][-]{section.5.4}{Simulated\040Results}{chapter.5}% 61
\BOOKMARK [0][-]{chapter.6}{Conclusion\040and\040Future\040recommendations}{}% 62
\BOOKMARK [0][-]{section*.55}{REFERENCES}{}% 63
