This is XeTeX, Version 3.14159265-2.6-0.99992 (MiKTeX 2.9) (preloaded format=xelatex 2016.7.14)  29 SEP 2016 12:53
entering extended mode
**./bibliography.tex
(bibliography.tex
LaTeX2e <2015/10/01> patch level 2
Babel <3.9n> and hyphenation patterns for 69 languages loaded.
! Undefined control sequence.
l.16 \phantomsection
                    
The control sequence at the end of the top line
of your error message was never \def'ed. If you have
misspelled it (e.g., `\hobx'), type `I' and the correct
spelling (e.g., `I\hbox'). Otherwise just continue,
and I'll forget about whatever was undefined.


! LaTeX Error: \bibname undefined.

See the LaTeX manual or LaTeX Companion for explanation.
Type  H <return>  for immediate help.
 ...                                              
                                                  
l.19 \renewcommand{\bibname}
                            {{\normalsize\rm REFERENCES}}
Try typing  <return>  to proceed.
If that doesn't work, type  X <return>  to quit.

\bibdata{data/myReference}
No file bibliography.bbl.
)
! Emergency stop.
<*> ./bibliography.tex
                      
*** (job aborted, no legal \end found)

 
Here is how much of TeX's memory you used:
 7 strings out of 428721
 75 string characters out of 3163014
 52234 words of memory out of 3000000
 3470 multiletter control sequences out of 15000+200000
 3640 words of font info for 14 fonts, out of 3000000 for 9000
 1096 hyphenation exceptions out of 8191
 7i,0n,5p,95b,17s stack positions out of 5000i,500n,10000p,200000b,50000s
No pages of output.
