\BOOKMARK [1][-]{section.1}{Abstract}{}% 1
\BOOKMARK [1][-]{section.2}{Introduction}{}% 2
\BOOKMARK [1][-]{section.3}{Electromagnetic Theory of Surface Plasmon Polaritons}{}% 3
\BOOKMARK [2][-]{subsection.3.1}{Single Boundary Structure}{section.3}% 4
\BOOKMARK [1][-]{section.4}{Quantum effects}{}% 5
\BOOKMARK [1][-]{section.5}{Two Boundary Structures}{}% 6
\BOOKMARK [1][-]{section.6}{Design of Optical Antennas}{}% 7
\BOOKMARK [2][-]{subsection.6.1}{Dipole and Patch Antennas}{section.6}% 8
\BOOKMARK [2][-]{subsection.6.2}{Bowtie Antenna}{section.6}% 9
\BOOKMARK [2][-]{subsection.6.3}{Yagi-Uda Antenna}{section.6}% 10
\BOOKMARK [2][-]{subsection.6.4}{Log-Periodic Antenna}{section.6}% 11
\BOOKMARK [2][-]{subsection.6.5}{Purcell factor}{section.6}% 12
\BOOKMARK [2][-]{subsection.6.6}{Aperture Antennas}{section.6}% 13
\BOOKMARK [2][-]{subsection.6.7}{Optical aperture antenna theory}{section.6}% 14
\BOOKMARK [2][-]{subsection.6.8}{Bowtie aperture antenna}{section.6}% 15
\BOOKMARK [2][-]{subsection.6.9}{Concentric Rings}{section.6}% 16
\BOOKMARK [2][-]{subsection.6.10}{Arrays}{section.6}% 17
\BOOKMARK [1][-]{section.7}{Applications of Optical Antenna}{}% 18
\BOOKMARK [2][-]{subsection.7.1}{SNOM}{section.7}% 19
\BOOKMARK [2][-]{subsection.7.2}{Photon emitters and optical fluorescence}{section.7}% 20
\BOOKMARK [2][-]{subsection.7.3}{Raman Spectroscopy}{section.7}% 21
\BOOKMARK [2][-]{subsection.7.4}{Communication with nanocircuitry}{section.7}% 22
\BOOKMARK [1][-]{section.8}{Conclusion}{}% 23
